2025-12-02 12:19:21 [INFO] apscheduler.scheduler - Scheduler started
2025-12-02 12:20:11 [INFO] apscheduler.scheduler - Scheduler started
2025-12-02 12:21:13 [INFO] apscheduler.scheduler - Scheduler started
2025-12-02 12:24:43 [INFO] apscheduler.scheduler - Scheduler started
2025-12-02 12:26:01 [INFO] apscheduler.scheduler - Scheduler started
2025-12-02 12:27:46 [INFO] apscheduler.scheduler - Scheduler started
2025-12-02 12:29:45 [INFO] apscheduler.scheduler - Scheduler started
2025-12-02 12:30:22 [INFO] apscheduler.scheduler - Scheduler started
2025-12-02 12:33:14 [INFO] apscheduler.scheduler - Scheduler started
2025-12-02 12:33:51 [INFO] apscheduler.scheduler - Scheduler started
2025-12-02 12:35:14 [INFO] apscheduler.scheduler - Scheduler started
2025-12-02 12:38:12 [INFO] apscheduler.scheduler - Scheduler started
2025-12-02 12:39:38 [INFO] apscheduler.scheduler - Scheduler started
2025-12-02 12:40:54 [INFO] apscheduler.scheduler - Scheduler started
2025-12-02 12:43:22 [INFO] apscheduler.scheduler - Scheduler started
2025-12-02 12:54:09 [INFO] apscheduler.scheduler - Scheduler started
2025-12-02 12:58:46 [INFO] apscheduler.scheduler - Scheduler started
2025-12-02 12:59:09 [INFO] apscheduler.scheduler - Scheduler started
2025-12-02 13:00:48 [INFO] apscheduler.scheduler - Scheduler started
2025-12-02 13:03:38 [INFO] apscheduler.scheduler - Scheduler started
2025-12-02 13:06:16 [INFO] apscheduler.scheduler - Scheduler started
2025-12-02 13:08:02 [INFO] apscheduler.scheduler - Scheduler started
2025-12-02 13:09:29 [INFO] apscheduler.scheduler - Scheduler started
2025-12-02 13:12:25 [INFO] apscheduler.scheduler - Scheduler started
2025-12-02 13:13:05 [INFO] apscheduler.scheduler - Scheduler started
2025-12-02 13:16:01 [INFO] apscheduler.scheduler - Scheduler started
2025-12-02 13:18:45 [INFO] apscheduler.scheduler - Scheduler started
2025-12-02 13:29:08 [INFO] apscheduler.scheduler - Scheduler started
2025-12-02 19:41:26 [INFO] apscheduler.scheduler - Scheduler started
2025-12-02 19:57:21 [INFO] apscheduler.scheduler - Scheduler started
2025-12-02 20:02:09 [INFO] apscheduler.scheduler - Scheduler started
2025-12-02 20:10:05 [INFO] apscheduler.scheduler - Scheduler started
2025-12-02 20:14:55 [INFO] apscheduler.scheduler - Scheduler started
2025-12-02 20:15:20 [INFO] apscheduler.scheduler - Scheduler started
2025-12-02 20:15:40 [INFO] apscheduler.scheduler - Scheduler started
2025-12-02 20:16:13 [INFO] apscheduler.scheduler - Scheduler started
2025-12-02 20:17:37 [INFO] apscheduler.scheduler - Scheduler started
2025-12-02 20:19:27 [INFO] apscheduler.scheduler - Scheduler started
2025-12-02 20:32:27 [INFO] apscheduler.scheduler - Scheduler started
2025-12-02 20:43:48 [INFO] apscheduler.scheduler - Scheduler started
2025-12-02 20:58:10 [INFO] apscheduler.scheduler - Scheduler started
2025-12-02 20:58:58 [INFO] apscheduler.scheduler - Scheduler started
2025-12-02 20:59:40 [INFO] apscheduler.scheduler - Scheduler started
2025-12-02 21:02:12 [INFO] apscheduler.scheduler - Scheduler started
2025-12-02 21:04:40 [INFO] apscheduler.scheduler - Scheduler started
2025-12-02 21:05:27 [INFO] apscheduler.scheduler - Scheduler started
2025-12-02 21:06:05 [INFO] apscheduler.scheduler - Scheduler started
2025-12-02 21:07:24 [INFO] apscheduler.scheduler - Scheduler started
2025-12-02 21:09:37 [INFO] apscheduler.scheduler - Scheduler started
2025-12-02 21:11:56 [INFO] apscheduler.scheduler - Scheduler started
2025-12-02 21:15:12 [INFO] apscheduler.scheduler - Scheduler started
2025-12-02 21:17:17 [INFO] apscheduler.scheduler - Scheduler started
2025-12-02 21:20:24 [INFO] apscheduler.scheduler - Scheduler started
2025-12-02 21:23:20 [INFO] apscheduler.scheduler - Scheduler started
2025-12-02 21:24:08 [INFO] apscheduler.scheduler - Scheduler started
2025-12-02 21:25:52 [INFO] apscheduler.scheduler - Scheduler started
2025-12-02 21:27:37 [INFO] apscheduler.scheduler - Scheduler started
2025-12-02 21:27:55 [INFO] apscheduler.scheduler - Scheduler started
2025-12-02 21:29:11 [INFO] apscheduler.scheduler - Scheduler started
2025-12-02 21:30:54 [INFO] apscheduler.scheduler - Scheduler started
2025-12-02 21:31:05 [INFO] src.services.backup_manager - Backup created at C:\Users\Tika\Desktop\学校\PersonalProject\Certificate Management\backups\awards-backup-20251202-2131.zip
2025-12-02 21:32:30 [INFO] apscheduler.scheduler - Scheduler started
2025-12-02 21:34:35 [INFO] apscheduler.scheduler - Scheduler started
2025-12-02 21:36:27 [INFO] apscheduler.scheduler - Scheduler started
2025-12-02 21:37:53 [INFO] apscheduler.scheduler - Scheduler started
2025-12-02 21:39:32 [INFO] apscheduler.scheduler - Scheduler started
2025-12-02 21:41:24 [INFO] apscheduler.scheduler - Scheduler started
2025-12-02 21:42:54 [INFO] apscheduler.scheduler - Scheduler started
2025-12-02 21:43:19 [INFO] apscheduler.scheduler - Scheduler started
2025-12-02 21:44:28 [INFO] apscheduler.scheduler - Scheduler started
2025-12-02 21:47:11 [INFO] apscheduler.scheduler - Scheduler started
2025-12-02 21:49:01 [INFO] apscheduler.scheduler - Scheduler started
2025-12-02 21:50:36 [INFO] apscheduler.scheduler - Scheduler started
2025-12-02 21:51:03 [INFO] apscheduler.scheduler - Scheduler started
2025-12-02 21:52:31 [INFO] apscheduler.scheduler - Scheduler started
2025-12-02 21:53:07 [INFO] apscheduler.scheduler - Scheduler started
2025-12-02 21:54:07 [INFO] apscheduler.scheduler - Scheduler started
2025-12-02 21:54:50 [INFO] apscheduler.scheduler - Scheduler started
2025-12-02 21:56:18 [INFO] apscheduler.scheduler - Scheduler started
2025-12-02 21:57:13 [INFO] apscheduler.scheduler - Scheduler started
2025-12-02 21:59:52 [INFO] apscheduler.scheduler - Scheduler started
2025-12-02 22:16:05 [INFO] apscheduler.scheduler - Scheduler started
2025-12-02 22:17:29 [INFO] apscheduler.scheduler - Scheduler started
2025-12-02 22:19:01 [INFO] apscheduler.scheduler - Scheduler started
2025-12-02 22:20:41 [INFO] apscheduler.scheduler - Scheduler started
2025-12-02 22:22:43 [INFO] apscheduler.scheduler - Scheduler started
2025-12-02 22:23:05 [INFO] apscheduler.scheduler - Scheduler started
2025-12-02 22:25:49 [INFO] apscheduler.scheduler - Scheduler started
2025-12-02 22:26:19 [INFO] apscheduler.scheduler - Scheduler started
2025-12-02 22:37:35 [INFO] apscheduler.scheduler - Scheduler started
2025-12-02 22:40:46 [INFO] apscheduler.scheduler - Scheduler started
2025-12-02 22:41:18 [INFO] apscheduler.scheduler - Scheduler started
2025-12-02 22:41:27 [INFO] apscheduler.scheduler - Scheduler started
2025-12-02 22:42:27 [INFO] apscheduler.scheduler - Scheduler started
2025-12-02 22:46:44 [INFO] apscheduler.scheduler - Scheduler started
2025-12-02 22:49:38 [INFO] apscheduler.scheduler - Scheduler started
2025-12-02 22:51:27 [INFO] apscheduler.scheduler - Scheduler started
2025-12-02 22:54:10 [INFO] apscheduler.scheduler - Scheduler started
2025-12-02 22:55:21 [INFO] apscheduler.scheduler - Scheduler started
2025-12-02 22:56:55 [INFO] apscheduler.scheduler - Scheduler started
2025-12-03 00:48:51 [INFO] apscheduler.scheduler - Scheduler started
2025-12-03 00:52:37 [INFO] apscheduler.scheduler - Scheduler started
2025-12-03 00:57:10 [INFO] apscheduler.scheduler - Scheduler started
2025-12-03 00:57:18 [INFO] apscheduler.scheduler - Scheduler started
2025-12-03 00:57:22 [INFO] apscheduler.scheduler - Scheduler started
2025-12-03 00:59:47 [INFO] apscheduler.scheduler - Scheduler started
2025-12-03 01:02:02 [INFO] apscheduler.scheduler - Scheduler started
2025-12-03 01:03:04 [INFO] apscheduler.scheduler - Scheduler started
2025-12-03 01:03:23 [INFO] apscheduler.scheduler - Scheduler started
2025-12-03 01:04:15 [INFO] apscheduler.scheduler - Scheduler started
2025-12-03 01:07:56 [INFO] apscheduler.scheduler - Scheduler started
2025-12-03 01:11:28 [INFO] apscheduler.scheduler - Scheduler started
2025-12-03 01:13:06 [INFO] apscheduler.scheduler - Scheduler started
2025-12-03 01:14:43 [INFO] apscheduler.scheduler - Scheduler started
2025-12-03 01:17:41 [INFO] apscheduler.scheduler - Scheduler started
2025-12-03 01:23:48 [INFO] apscheduler.scheduler - Scheduler started
2025-12-03 01:24:04 [INFO] apscheduler.scheduler - Scheduler started
2025-12-03 01:24:54 [INFO] apscheduler.scheduler - Scheduler started
2025-12-03 01:25:48 [INFO] apscheduler.scheduler - Scheduler started
2025-12-03 01:30:10 [INFO] apscheduler.scheduler - Scheduler started
2025-12-03 01:33:06 [INFO] apscheduler.scheduler - Scheduler started
2025-12-03 01:41:40 [INFO] apscheduler.scheduler - Scheduler started
2025-12-03 01:45:15 [INFO] apscheduler.scheduler - Scheduler started
2025-12-03 01:46:27 [INFO] apscheduler.scheduler - Scheduler started
2025-12-03 01:47:07 [INFO] apscheduler.scheduler - Scheduler started
2025-12-03 01:49:13 [INFO] apscheduler.scheduler - Scheduler started
2025-12-03 01:54:58 [INFO] apscheduler.scheduler - Scheduler started
2025-12-03 01:55:31 [INFO] apscheduler.scheduler - Scheduler started
2025-12-03 02:02:49 [INFO] apscheduler.scheduler - Scheduler started
2025-12-03 07:51:10 [INFO] apscheduler.scheduler - Scheduler started
2025-12-03 13:32:34 [INFO] apscheduler.scheduler - Scheduler started
2025-12-03 13:38:21 [INFO] apscheduler.scheduler - Scheduler started
2025-12-03 13:40:26 [INFO] apscheduler.scheduler - Scheduler started
2025-12-03 13:41:52 [INFO] apscheduler.scheduler - Scheduler started
2025-12-03 13:43:59 [INFO] apscheduler.scheduler - Scheduler started
2025-12-03 13:52:18 [INFO] apscheduler.scheduler - Scheduler started
2025-12-03 13:53:38 [INFO] apscheduler.scheduler - Scheduler started
2025-12-03 13:56:18 [INFO] apscheduler.scheduler - Scheduler started
2025-12-03 13:57:18 [INFO] apscheduler.scheduler - Scheduler started
2025-12-03 13:58:36 [INFO] apscheduler.scheduler - Scheduler started
2025-12-03 14:00:31 [INFO] apscheduler.scheduler - Scheduler started
2025-12-03 14:02:56 [INFO] apscheduler.scheduler - Scheduler started
2025-12-03 14:03:33 [INFO] apscheduler.scheduler - Scheduler started
2025-12-03 14:05:28 [INFO] apscheduler.scheduler - Scheduler started
2025-12-03 14:06:56 [INFO] apscheduler.scheduler - Scheduler started
2025-12-03 14:09:12 [INFO] apscheduler.scheduler - Scheduler started
2025-12-03 14:10:37 [INFO] apscheduler.scheduler - Scheduler started
2025-12-03 14:11:16 [INFO] apscheduler.scheduler - Scheduler started
2025-12-03 14:12:43 [INFO] apscheduler.scheduler - Scheduler started
2025-12-03 14:20:32 [INFO] apscheduler.scheduler - Scheduler started
2025-12-03 14:23:42 [INFO] apscheduler.scheduler - Scheduler started
2025-12-03 14:26:33 [INFO] apscheduler.scheduler - Scheduler started
2025-12-03 14:29:52 [INFO] apscheduler.scheduler - Scheduler started
2025-12-03 14:31:43 [INFO] apscheduler.scheduler - Scheduler started
2025-12-03 14:33:22 [INFO] apscheduler.scheduler - Scheduler started
2025-12-03 14:33:38 [INFO] apscheduler.scheduler - Scheduler started
2025-12-03 14:33:40 [INFO] apscheduler.scheduler - Scheduler started
2025-12-03 14:33:42 [INFO] apscheduler.scheduler - Scheduler started
2025-12-03 14:33:47 [INFO] apscheduler.scheduler - Scheduler started
2025-12-03 14:33:51 [INFO] apscheduler.scheduler - Scheduler started
2025-12-03 14:34:53 [INFO] apscheduler.scheduler - Scheduler started
2025-12-03 14:35:34 [INFO] apscheduler.scheduler - Scheduler started
2025-12-03 14:38:20 [INFO] apscheduler.scheduler - Scheduler started
2025-12-03 14:38:35 [INFO] apscheduler.scheduler - Scheduler started
2025-12-03 14:38:44 [INFO] apscheduler.scheduler - Scheduler started
2025-12-03 14:44:00 [INFO] apscheduler.scheduler - Scheduler started
2025-12-03 14:45:38 [INFO] apscheduler.scheduler - Scheduler started
2025-12-03 14:47:33 [INFO] apscheduler.scheduler - Scheduler started
2025-12-03 14:49:18 [INFO] apscheduler.scheduler - Scheduler started
2025-12-03 14:50:18 [INFO] apscheduler.scheduler - Scheduler started
2025-12-03 14:51:35 [INFO] apscheduler.scheduler - Scheduler started
2025-12-03 14:52:18 [INFO] apscheduler.scheduler - Scheduler started
2025-12-03 14:54:51 [INFO] apscheduler.scheduler - Scheduler started
2025-12-03 14:56:54 [INFO] apscheduler.scheduler - Scheduler started
2025-12-03 14:58:06 [INFO] apscheduler.scheduler - Scheduler started
2025-12-03 15:00:38 [INFO] apscheduler.scheduler - Scheduler started
2025-12-03 15:03:16 [INFO] apscheduler.scheduler - Scheduler started
2025-12-03 15:05:39 [INFO] apscheduler.scheduler - Scheduler started
2025-12-03 16:45:09 [INFO] apscheduler.scheduler - Scheduler started
2025-12-03 16:54:19 [INFO] apscheduler.scheduler - Scheduler started
2025-12-03 16:58:47 [INFO] apscheduler.scheduler - Scheduler started
2025-12-03 17:00:08 [INFO] apscheduler.scheduler - Scheduler started
2025-12-03 17:01:42 [INFO] apscheduler.scheduler - Scheduler started
2025-12-03 17:03:08 [INFO] apscheduler.scheduler - Scheduler started
2025-12-03 17:04:11 [INFO] apscheduler.scheduler - Scheduler started
2025-12-03 17:04:16 [INFO] src.ui.pages.overview_page - 开始编辑荣誉: 测试
2025-12-03 17:04:16 [INFO] src.ui.pages.overview_page - 成功导航到录入页面
2025-12-03 17:07:16 [INFO] apscheduler.scheduler - Scheduler started
2025-12-03 17:09:34 [INFO] apscheduler.scheduler - Scheduler started
2025-12-03 17:13:54 [INFO] apscheduler.scheduler - Scheduler started
2025-12-03 17:14:27 [ERROR] src.ui.pages.overview_page - 保存奖项失败: AwardService.update_award() got an unexpected keyword argument 'members'
Traceback (most recent call last):
  File "C:\Users\Tika\Desktop\学校\PersonalProject\Certificate Management\src\ui\pages\overview_page.py", line 606, in _save
    self.ctx.awards.update_award(
    ~~~~~~~~~~~~~~~~~~~~~~~~~~~~^
        self.award.id,
        ^^^^^^^^^^^^^^
    ...<6 lines>...
        members=members
        ^^^^^^^^^^^^^^^
    )
    ^
TypeError: AwardService.update_award() got an unexpected keyword argument 'members'
2025-12-03 17:15:26 [INFO] apscheduler.scheduler - Scheduler started
2025-12-03 17:18:50 [INFO] apscheduler.scheduler - Scheduler started
2025-12-03 17:21:20 [INFO] apscheduler.scheduler - Scheduler started
2025-12-03 17:21:54 [INFO] apscheduler.scheduler - Scheduler started
2025-12-03 17:25:33 [INFO] apscheduler.scheduler - Scheduler started
2025-12-03 17:31:05 [INFO] apscheduler.scheduler - Scheduler started
2025-12-03 17:32:13 [INFO] apscheduler.scheduler - Scheduler started
2025-12-03 17:32:13 [INFO] __main__ - Bootstrap completed in 0.12s
2025-12-03 17:32:15 [INFO] __main__ - MainWindow initialized in 1.49s
2025-12-03 17:32:15 [INFO] __main__ - Total startup time: 1.66s
2025-12-03 17:32:59 [INFO] apscheduler.scheduler - Scheduler started
2025-12-03 17:32:59 [INFO] __main__ - Bootstrap completed in 0.05s
2025-12-03 17:33:00 [INFO] __main__ - MainWindow initialized in 1.19s
2025-12-03 17:33:00 [INFO] __main__ - Total startup time: 1.28s
2025-12-03 17:33:37 [INFO] apscheduler.scheduler - Scheduler started
2025-12-03 17:33:37 [INFO] __main__ - Bootstrap completed in 0.04s
2025-12-03 17:33:38 [INFO] __main__ - MainWindow initialized in 0.73s
2025-12-03 17:33:38 [INFO] __main__ - Total startup time: 0.81s
2025-12-03 17:36:31 [INFO] apscheduler.scheduler - Scheduler started
2025-12-03 17:36:31 [INFO] __main__ - Bootstrap completed in 0.13s
2025-12-03 17:36:32 [INFO] __main__ - MainWindow initialized in 1.44s
2025-12-03 17:36:33 [INFO] __main__ - Total startup time: 1.62s
2025-12-03 17:37:56 [INFO] apscheduler.scheduler - Scheduler started
2025-12-03 17:37:56 [INFO] __main__ - Bootstrap completed in 0.07s
2025-12-03 17:37:58 [INFO] __main__ - MainWindow initialized in 1.20s
2025-12-03 17:37:58 [INFO] __main__ - Total startup time: 1.30s
2025-12-03 17:38:26 [INFO] apscheduler.scheduler - Scheduler started
2025-12-03 17:38:26 [INFO] __main__ - Bootstrap completed in 0.07s
2025-12-03 17:38:27 [INFO] __main__ - MainWindow initialized in 1.24s
2025-12-03 17:38:27 [INFO] __main__ - Total startup time: 1.33s
2025-12-03 17:39:07 [INFO] apscheduler.scheduler - Scheduler started
2025-12-03 17:39:07 [INFO] __main__ - Bootstrap completed in 0.14s
2025-12-03 17:39:08 [INFO] __main__ - MainWindow initialized in 1.23s
2025-12-03 17:39:08 [INFO] __main__ - Total startup time: 1.39s
2025-12-03 17:41:34 [INFO] apscheduler.scheduler - Scheduler started
2025-12-03 17:41:34 [INFO] __main__ - Bootstrap completed in 0.48s
2025-12-03 17:41:35 [INFO] __main__ - MainWindow initialized in 1.24s
2025-12-03 17:41:35 [INFO] __main__ - Total startup time: 1.72s
2025-12-03 17:44:12 [INFO] apscheduler.scheduler - Scheduler started
2025-12-03 17:44:12 [INFO] __main__ - Bootstrap completed in 0.12s
2025-12-03 17:44:13 [INFO] __main__ - MainWindow initialized in 1.29s
2025-12-03 17:44:13 [INFO] __main__ - Total startup time: 1.45s
2025-12-03 17:46:04 [INFO] apscheduler.scheduler - Scheduler started
2025-12-03 17:46:04 [INFO] __main__ - Bootstrap completed in 0.16s
2025-12-03 17:46:06 [INFO] __main__ - MainWindow initialized in 1.58s
2025-12-03 17:46:06 [INFO] __main__ - Total startup time: 1.79s
2025-12-03 17:49:26 [INFO] apscheduler.scheduler - Scheduler started
2025-12-03 17:49:26 [INFO] __main__ - Bootstrap completed in 0.10s
2025-12-03 17:49:27 [INFO] __main__ - MainWindow initialized in 0.95s
2025-12-03 17:49:27 [INFO] __main__ - Total startup time: 1.07s
2025-12-03 23:50:24 [INFO] apscheduler.scheduler - Scheduler started
2025-12-03 23:50:24 [INFO] __main__ - Bootstrap completed in 0.11s
2025-12-03 23:50:26 [INFO] __main__ - MainWindow initialized in 1.47s
2025-12-03 23:50:26 [INFO] __main__ - Total startup time: 1.61s
2025-12-03 23:55:20 [INFO] apscheduler.scheduler - Scheduler started
2025-12-03 23:55:20 [INFO] __main__ - Bootstrap completed in 0.12s
2025-12-03 23:55:21 [INFO] __main__ - MainWindow initialized in 1.44s
2025-12-03 23:55:21 [INFO] __main__ - Total startup time: 1.61s
2025-12-03 23:58:50 [INFO] apscheduler.scheduler - Scheduler started
2025-12-03 23:58:50 [INFO] __main__ - Bootstrap completed in 0.11s
2025-12-03 23:58:51 [INFO] __main__ - MainWindow initialized in 1.32s
2025-12-03 23:58:51 [INFO] __main__ - Total startup time: 1.47s
2025-12-04 00:02:31 [INFO] apscheduler.scheduler - Scheduler started
2025-12-04 00:02:31 [INFO] __main__ - Bootstrap completed in 0.09s
2025-12-04 00:02:32 [INFO] __main__ - MainWindow initialized in 1.25s
2025-12-04 00:02:32 [INFO] __main__ - Total startup time: 1.38s
2025-12-04 00:04:47 [INFO] apscheduler.scheduler - Scheduler started
2025-12-04 00:04:47 [INFO] __main__ - Bootstrap completed in 0.09s
2025-12-04 00:04:48 [INFO] __main__ - MainWindow initialized in 1.26s
2025-12-04 00:04:49 [INFO] __main__ - Total startup time: 1.38s
2025-12-04 00:05:00 [ERROR] src.ui.pages.overview_page - 编辑失败: Dialog.__init__() missing 1 required positional argument: 'content'
Traceback (most recent call last):
  File "C:\Users\Tika\Desktop\学校\PersonalProject\Certificate Management\src\ui\pages\overview_page.py", line 256, in _edit_award
    dialog = AwardDetailDialog(self, award, self.theme_manager, self.ctx)
  File "C:\Users\Tika\Desktop\学校\PersonalProject\Certificate Management\src\ui\pages\overview_page.py", line 326, in __init__
    super().__init__(parent)
    ~~~~~~~~~~~~~~~~^^^^^^^^
TypeError: Dialog.__init__() missing 1 required positional argument: 'content'
2025-12-04 00:05:50 [INFO] apscheduler.scheduler - Scheduler started
2025-12-04 00:05:50 [INFO] __main__ - Bootstrap completed in 0.08s
2025-12-04 00:05:51 [INFO] __main__ - MainWindow initialized in 1.28s
2025-12-04 00:05:51 [INFO] __main__ - Total startup time: 1.40s
2025-12-04 00:07:58 [INFO] apscheduler.scheduler - Scheduler started
2025-12-04 00:07:58 [INFO] __main__ - Bootstrap completed in 0.10s
2025-12-04 00:08:00 [INFO] __main__ - MainWindow initialized in 1.25s
2025-12-04 00:08:00 [INFO] __main__ - Total startup time: 1.38s
2025-12-04 00:24:55 [INFO] apscheduler.scheduler - Scheduler started
2025-12-04 00:24:55 [INFO] __main__ - Bootstrap completed in 0.11s
2025-12-04 00:24:56 [INFO] __main__ - MainWindow initialized in 1.30s
2025-12-04 00:24:56 [INFO] __main__ - Total startup time: 1.44s
2025-12-04 00:29:10 [INFO] apscheduler.scheduler - Scheduler started
2025-12-04 00:29:10 [INFO] __main__ - Bootstrap completed in 0.10s
2025-12-04 00:29:12 [INFO] __main__ - MainWindow initialized in 1.42s
2025-12-04 00:29:12 [INFO] __main__ - Total startup time: 1.55s
2025-12-04 00:34:41 [INFO] apscheduler.scheduler - Scheduler started
2025-12-04 00:34:41 [INFO] __main__ - Bootstrap completed in 0.09s
2025-12-04 00:34:42 [INFO] __main__ - MainWindow initialized in 1.32s
2025-12-04 00:34:42 [INFO] __main__ - Total startup time: 1.44s
2025-12-04 00:36:54 [INFO] apscheduler.scheduler - Scheduler started
2025-12-04 00:36:54 [INFO] __main__ - Bootstrap completed in 0.09s
2025-12-04 00:36:56 [INFO] __main__ - MainWindow initialized in 1.26s
2025-12-04 00:36:56 [INFO] __main__ - Total startup time: 1.38s
2025-12-04 00:40:06 [INFO] apscheduler.scheduler - Scheduler started
2025-12-04 00:40:06 [INFO] __main__ - Bootstrap completed in 0.09s
2025-12-04 00:40:08 [INFO] __main__ - MainWindow initialized in 1.24s
2025-12-04 00:40:08 [INFO] __main__ - Total startup time: 1.35s
2025-12-04 00:43:12 [INFO] apscheduler.scheduler - Scheduler started
2025-12-04 00:43:12 [INFO] __main__ - Bootstrap completed in 0.12s
2025-12-04 00:43:14 [INFO] __main__ - MainWindow initialized in 1.42s
2025-12-04 00:43:14 [INFO] __main__ - Total startup time: 1.58s
2025-12-04 00:43:41 [INFO] apscheduler.scheduler - Scheduler started
2025-12-04 00:43:41 [INFO] __main__ - Bootstrap completed in 0.11s
2025-12-04 00:43:42 [INFO] __main__ - MainWindow initialized in 1.48s
2025-12-04 00:43:42 [INFO] __main__ - Total startup time: 1.64s
2025-12-04 00:49:00 [INFO] apscheduler.scheduler - Scheduler started
2025-12-04 00:49:00 [INFO] __main__ - Bootstrap completed in 0.10s
2025-12-04 00:49:02 [INFO] __main__ - MainWindow initialized in 1.28s
2025-12-04 00:49:02 [INFO] __main__ - Total startup time: 1.40s
2025-12-04 00:51:39 [INFO] apscheduler.scheduler - Scheduler started
2025-12-04 00:51:39 [INFO] __main__ - Bootstrap completed in 0.12s
2025-12-04 00:51:41 [INFO] __main__ - MainWindow initialized in 1.58s
2025-12-04 00:51:41 [INFO] __main__ - Total startup time: 1.74s
2025-12-04 01:03:49 [INFO] apscheduler.scheduler - Scheduler started
2025-12-04 01:03:49 [INFO] __main__ - Bootstrap completed in 0.10s
2025-12-04 01:03:51 [INFO] __main__ - MainWindow initialized in 1.20s
2025-12-04 01:03:51 [INFO] __main__ - Total startup time: 1.32s
2025-12-04 01:05:43 [INFO] apscheduler.scheduler - Scheduler started
2025-12-04 01:05:43 [INFO] __main__ - Bootstrap completed in 0.09s
2025-12-04 01:05:44 [INFO] __main__ - MainWindow initialized in 1.18s
2025-12-04 01:05:44 [INFO] __main__ - Total startup time: 1.29s
2025-12-04 01:10:14 [INFO] apscheduler.scheduler - Scheduler started
2025-12-04 01:10:14 [INFO] __main__ - Bootstrap completed in 0.12s
2025-12-04 01:10:16 [INFO] __main__ - MainWindow initialized in 1.19s
2025-12-04 01:10:16 [INFO] __main__ - Total startup time: 1.34s
2025-12-04 01:12:56 [INFO] apscheduler.scheduler - Scheduler started
2025-12-04 01:12:56 [INFO] __main__ - Bootstrap completed in 0.09s
2025-12-04 01:12:57 [INFO] __main__ - MainWindow initialized in 1.23s
2025-12-04 01:12:57 [INFO] __main__ - Total startup time: 1.35s
2025-12-04 01:15:50 [INFO] apscheduler.scheduler - Scheduler started
2025-12-04 01:15:50 [INFO] __main__ - Bootstrap completed in 0.11s
2025-12-04 01:15:52 [INFO] __main__ - MainWindow initialized in 1.29s
2025-12-04 01:15:52 [INFO] __main__ - Total startup time: 1.43s
2025-12-04 01:18:34 [INFO] apscheduler.scheduler - Scheduler started
2025-12-04 01:19:30 [INFO] apscheduler.scheduler - Scheduler started
2025-12-04 01:19:30 [INFO] __main__ - Bootstrap completed in 0.09s
2025-12-04 01:19:32 [INFO] __main__ - MainWindow initialized in 1.17s
2025-12-04 01:19:32 [INFO] __main__ - Total startup time: 1.29s
2025-12-04 01:32:34 [INFO] apscheduler.scheduler - Scheduler started
2025-12-04 01:32:34 [INFO] __main__ - Bootstrap completed in 0.09s
2025-12-04 01:32:36 [INFO] __main__ - MainWindow initialized in 1.16s
2025-12-04 01:32:36 [INFO] __main__ - Total startup time: 1.28s
2025-12-04 01:47:58 [INFO] apscheduler.scheduler - Scheduler started
2025-12-04 01:47:58 [INFO] __main__ - Bootstrap completed in 0.09s
2025-12-04 01:48:00 [INFO] __main__ - MainWindow initialized in 1.18s
2025-12-04 01:48:00 [INFO] __main__ - Total startup time: 1.30s
2025-12-04 01:50:42 [INFO] apscheduler.scheduler - Scheduler started
2025-12-04 01:50:42 [INFO] __main__ - Bootstrap completed in 0.13s
2025-12-04 01:50:44 [INFO] __main__ - MainWindow initialized in 1.37s
2025-12-04 01:50:44 [INFO] __main__ - Total startup time: 1.56s
2025-12-04 01:51:23 [INFO] apscheduler.scheduler - Scheduler started
2025-12-04 01:51:23 [INFO] __main__ - Bootstrap completed in 0.09s
2025-12-04 01:51:24 [INFO] __main__ - MainWindow initialized in 1.18s
2025-12-04 01:51:24 [INFO] __main__ - Total startup time: 1.31s
2025-12-04 01:53:50 [INFO] apscheduler.scheduler - Scheduler started
2025-12-04 01:53:50 [INFO] __main__ - Bootstrap completed in 0.10s
2025-12-04 01:53:51 [INFO] __main__ - MainWindow initialized in 1.37s
2025-12-04 01:53:51 [INFO] __main__ - Total startup time: 1.51s
2025-12-04 01:57:57 [INFO] apscheduler.scheduler - Scheduler started
2025-12-04 01:57:57 [INFO] __main__ - Bootstrap completed in 0.12s
2025-12-04 01:57:58 [INFO] __main__ - MainWindow initialized in 1.40s
2025-12-04 01:57:58 [INFO] __main__ - Total startup time: 1.56s
2025-12-04 02:12:37 [INFO] apscheduler.scheduler - Scheduler started
2025-12-04 02:12:37 [INFO] __main__ - Bootstrap completed in 0.16s
2025-12-04 02:12:38 [INFO] __main__ - MainWindow initialized in 1.56s
2025-12-04 02:12:38 [INFO] __main__ - Total startup time: 1.75s
2025-12-04 02:17:29 [INFO] apscheduler.scheduler - Scheduler started
2025-12-04 02:17:29 [INFO] __main__ - Bootstrap completed in 0.12s
2025-12-04 02:17:30 [INFO] __main__ - MainWindow initialized in 1.50s
2025-12-04 02:17:30 [INFO] __main__ - Total startup time: 1.66s
2025-12-04 02:20:05 [INFO] apscheduler.scheduler - Scheduler started
2025-12-04 02:20:05 [INFO] __main__ - Bootstrap completed in 0.09s
2025-12-04 02:20:06 [INFO] __main__ - MainWindow initialized in 1.27s
2025-12-04 02:20:06 [INFO] __main__ - Total startup time: 1.40s
2025-12-04 02:26:58 [INFO] apscheduler.scheduler - Scheduler started
2025-12-04 02:26:58 [INFO] __main__ - Bootstrap completed in 0.13s
2025-12-04 02:27:00 [INFO] __main__ - MainWindow initialized in 1.53s
2025-12-04 02:27:00 [INFO] __main__ - Total startup time: 1.71s
2025-12-04 02:31:22 [INFO] apscheduler.scheduler - Scheduler started
2025-12-04 02:31:22 [INFO] __main__ - Bootstrap completed in 0.16s
2025-12-04 02:31:23 [INFO] __main__ - MainWindow initialized in 1.57s
2025-12-04 02:31:23 [INFO] __main__ - Total startup time: 1.78s
2025-12-04 02:36:46 [INFO] apscheduler.scheduler - Scheduler started
2025-12-04 02:36:46 [INFO] __main__ - Bootstrap completed in 0.10s
2025-12-04 02:36:48 [INFO] __main__ - MainWindow initialized in 1.22s
2025-12-04 02:36:48 [INFO] __main__ - Total startup time: 1.35s
2025-12-04 02:37:40 [INFO] apscheduler.scheduler - Scheduler started
2025-12-04 02:37:40 [INFO] src.services.backup_manager - Backup created at C:\Users\Tika\Desktop\学校\PersonalProject\Certificate Management\backups\awards-backup-20251204-0237.zip
2025-12-04 02:37:40 [INFO] __main__ - Bootstrap completed in 0.13s
2025-12-04 02:37:42 [INFO] __main__ - MainWindow initialized in 1.62s
2025-12-04 02:37:42 [INFO] __main__ - Total startup time: 1.79s
2025-12-04 02:37:56 [INFO] apscheduler.scheduler - Scheduler started
2025-12-04 02:37:56 [INFO] __main__ - Bootstrap completed in 0.05s
2025-12-04 02:37:57 [INFO] __main__ - MainWindow initialized in 1.01s
2025-12-04 02:37:57 [INFO] __main__ - Total startup time: 1.09s
2025-12-04 02:42:43 [INFO] apscheduler.scheduler - Scheduler started
2025-12-04 02:42:43 [INFO] __main__ - Bootstrap completed in 0.17s
2025-12-04 02:42:45 [INFO] __main__ - MainWindow initialized in 2.01s
2025-12-04 02:42:45 [INFO] __main__ - Total startup time: 2.21s
2025-12-04 02:44:46 [INFO] apscheduler.scheduler - Scheduler started
2025-12-04 02:44:46 [INFO] __main__ - Bootstrap completed in 0.14s
2025-12-04 02:44:48 [INFO] __main__ - MainWindow initialized in 1.52s
2025-12-04 02:44:48 [INFO] __main__ - Total startup time: 1.71s
2025-12-04 02:47:39 [INFO] apscheduler.scheduler - Scheduler started
2025-12-04 02:47:39 [INFO] __main__ - Bootstrap completed in 0.11s
2025-12-04 02:47:40 [INFO] __main__ - MainWindow initialized in 1.29s
2025-12-04 02:47:40 [INFO] __main__ - Total startup time: 1.44s
2025-12-04 02:48:20 [INFO] apscheduler.scheduler - Scheduler started
2025-12-04 02:48:20 [INFO] __main__ - Bootstrap completed in 0.11s
2025-12-04 02:48:21 [INFO] __main__ - MainWindow initialized in 1.75s
2025-12-04 02:48:21 [INFO] __main__ - Total startup time: 1.91s
2025-12-04 02:48:58 [INFO] apscheduler.scheduler - Scheduler started
2025-12-04 02:48:58 [INFO] __main__ - Bootstrap completed in 0.12s
2025-12-04 02:48:59 [INFO] __main__ - MainWindow initialized in 1.34s
2025-12-04 02:49:00 [INFO] __main__ - Total startup time: 1.49s
2025-12-04 02:49:51 [INFO] apscheduler.scheduler - Scheduler started
2025-12-04 02:49:51 [INFO] __main__ - Bootstrap completed in 0.05s
2025-12-04 02:49:52 [INFO] __main__ - MainWindow initialized in 1.08s
2025-12-04 02:49:52 [INFO] __main__ - Total startup time: 1.16s
2025-12-04 02:54:13 [INFO] apscheduler.scheduler - Scheduler started
2025-12-04 02:54:13 [INFO] __main__ - Bootstrap completed in 0.12s
2025-12-04 02:54:14 [INFO] __main__ - MainWindow initialized in 1.47s
2025-12-04 02:54:14 [INFO] __main__ - Total startup time: 1.63s
2025-12-04 02:54:43 [INFO] apscheduler.scheduler - Scheduler started
2025-12-04 02:54:43 [INFO] __main__ - Bootstrap completed in 0.08s
2025-12-04 02:54:44 [INFO] __main__ - MainWindow initialized in 1.20s
2025-12-04 02:54:44 [INFO] __main__ - Total startup time: 1.32s
2025-12-04 02:58:54 [INFO] apscheduler.scheduler - Scheduler started
2025-12-04 02:58:54 [INFO] __main__ - Bootstrap completed in 0.15s
2025-12-04 02:58:56 [INFO] __main__ - MainWindow initialized in 1.52s
2025-12-04 02:58:56 [INFO] __main__ - Total startup time: 1.72s
2025-12-04 03:01:12 [INFO] apscheduler.scheduler - Scheduler started
2025-12-04 03:01:12 [INFO] __main__ - Bootstrap completed in 0.15s
2025-12-04 03:01:14 [INFO] __main__ - MainWindow initialized in 1.59s
2025-12-04 03:01:14 [INFO] __main__ - Total startup time: 1.83s
2025-12-04 03:01:32 [INFO] src.services.backup_manager - Backup created at C:\Users\Tika\Desktop\学校\PersonalProject\Certificate Management\backups\awards-backup-20251204-0301.zip
2025-12-04 03:02:25 [INFO] apscheduler.scheduler - Scheduler started
2025-12-04 03:02:25 [INFO] __main__ - Bootstrap completed in 0.10s
2025-12-04 03:02:27 [INFO] __main__ - MainWindow initialized in 1.21s
2025-12-04 03:02:27 [INFO] __main__ - Total startup time: 1.33s
2025-12-04 03:02:59 [INFO] apscheduler.scheduler - Scheduler started
2025-12-04 03:02:59 [INFO] __main__ - Bootstrap completed in 0.07s
2025-12-04 03:03:01 [INFO] __main__ - MainWindow initialized in 1.24s
2025-12-04 03:03:01 [INFO] __main__ - Total startup time: 1.34s
2025-12-04 14:45:11 [INFO] apscheduler.scheduler - Scheduler started
2025-12-04 14:45:11 [INFO] __main__ - Bootstrap completed in 0.11s
2025-12-04 14:45:12 [INFO] __main__ - MainWindow initialized in 1.15s
2025-12-04 14:45:13 [INFO] __main__ - Total startup time: 1.28s
2025-12-04 14:46:06 [INFO] apscheduler.scheduler - Scheduler started
2025-12-04 14:46:06 [INFO] __main__ - Bootstrap completed in 0.04s
2025-12-04 14:46:07 [INFO] __main__ - MainWindow initialized in 0.82s
2025-12-04 14:46:07 [INFO] __main__ - Total startup time: 0.88s
