2025-12-03 17:14:27 [ERROR] src.ui.pages.overview_page - 保存奖项失败: AwardService.update_award() got an unexpected keyword argument 'members'
Traceback (most recent call last):
  File "C:\Users\Tika\Desktop\学校\PersonalProject\Certificate Management\src\ui\pages\overview_page.py", line 606, in _save
    self.ctx.awards.update_award(
    ~~~~~~~~~~~~~~~~~~~~~~~~~~~~^
        self.award.id,
        ^^^^^^^^^^^^^^
    ...<6 lines>...
        members=members
        ^^^^^^^^^^^^^^^
    )
    ^
TypeError: AwardService.update_award() got an unexpected keyword argument 'members'
2025-12-04 00:05:00 [ERROR] src.ui.pages.overview_page - 编辑失败: Dialog.__init__() missing 1 required positional argument: 'content'
Traceback (most recent call last):
  File "C:\Users\Tika\Desktop\学校\PersonalProject\Certificate Management\src\ui\pages\overview_page.py", line 256, in _edit_award
    dialog = AwardDetailDialog(self, award, self.theme_manager, self.ctx)
  File "C:\Users\Tika\Desktop\学校\PersonalProject\Certificate Management\src\ui\pages\overview_page.py", line 326, in __init__
    super().__init__(parent)
    ~~~~~~~~~~~~~~~~^^^^^^^^
TypeError: Dialog.__init__() missing 1 required positional argument: 'content'
